This file contains any messages produced by compilers while
running configure, to aid debugging if configure makes a mistake.

It was created by desrim.h configure 1.0, which was
generated by GNU Autoconf 2.67.  Invocation command line was

  $ ./configure --no-create --no-recursion

## --------- ##
## Platform. ##
## --------- ##

hostname = monyet
uname -m = i686
uname -r = 2.6.38-15-generic
uname -s = Linux
uname -v = #60-Ubuntu SMP Tue May 22 11:30:47 UTC 2012

/usr/bin/uname -p = unknown
/bin/uname -X     = unknown

/bin/arch              = unknown
/usr/bin/arch -k       = unknown
/usr/convex/getsysinfo = unknown
/usr/bin/hostinfo      = unknown
/bin/machine           = unknown
/usr/bin/oslevel       = unknown
/bin/universe          = unknown

PATH: /usr/local/sbin
PATH: /usr/local/bin
PATH: /usr/sbin
PATH: /usr/bin
PATH: /sbin
PATH: /bin
PATH: /usr/games


## ----------- ##
## Core tests. ##
## ----------- ##

configure:2625: checking for a BSD-compatible install
configure:2693: result: /usr/bin/install -c
configure:2704: checking whether build environment is sane
configure:2741: result: yes
configure:2795: checking for gawk
configure:2825: result: no
configure:2795: checking for mawk
configure:2811: found /usr/bin/mawk
configure:2822: result: mawk
configure:2833: checking whether make sets $(MAKE)
configure:2855: result: yes
configure:3089: checking for gcc
configure:3105: found /usr/bin/gcc
configure:3116: result: gcc
configure:3345: checking for C compiler version
configure:3354: gcc --version >&5
gcc (Ubuntu/Linaro 4.5.2-8ubuntu4) 4.5.2
Copyright (C) 2010 Free Software Foundation, Inc.
This is free software; see the source for copying conditions.  There is NO
warranty; not even for MERCHANTABILITY or FITNESS FOR A PARTICULAR PURPOSE.

configure:3365: $? = 0
configure:3354: gcc -v >&5
Using built-in specs.
COLLECT_GCC=gcc
COLLECT_LTO_WRAPPER=/usr/lib/i386-linux-gnu/gcc/i686-linux-gnu/4.5.2/lto-wrapper
Target: i686-linux-gnu
Configured with: ../src/configure -v --with-pkgversion='Ubuntu/Linaro 4.5.2-8ubuntu4' --with-bugurl=file:///usr/share/doc/gcc-4.5/README.Bugs --enable-languages=c,c++,fortran,objc,obj-c++ --prefix=/usr --program-suffix=-4.5 --enable-shared --enable-multiarch --with-multiarch-defaults=i386-linux-gnu --enable-linker-build-id --with-system-zlib --libexecdir=/usr/lib/i386-linux-gnu --without-included-gettext --enable-threads=posix --with-gxx-include-dir=/usr/include/c++/4.5 --libdir=/usr/lib/i386-linux-gnu --enable-nls --with-sysroot=/ --enable-clocale=gnu --enable-libstdcxx-debug --enable-libstdcxx-time=yes --enable-plugin --enable-gold --enable-ld=default --with-plugin-ld=ld.gold --enable-objc-gc --enable-targets=all --disable-werror --with-arch-32=i686 --with-tune=generic --enable-checking=release --build=i686-linux-gnu --host=i686-linux-gnu --target=i686-linux-gnu
Thread model: posix
gcc version 4.5.2 (Ubuntu/Linaro 4.5.2-8ubuntu4) 
configure:3365: $? = 0
configure:3354: gcc -V >&5
gcc: '-V' option must have argument
configure:3365: $? = 1
configure:3354: gcc -qversion >&5
gcc: unrecognized option '-qversion'
gcc: no input files
configure:3365: $? = 1
configure:3385: checking whether the C compiler works
configure:3407: gcc    conftest.c  >&5
configure:3411: $? = 0
configure:3459: result: yes
configure:3462: checking for C compiler default output file name
configure:3464: result: a.out
configure:3470: checking for suffix of executables
configure:3477: gcc -o conftest    conftest.c  >&5
configure:3481: $? = 0
configure:3503: result: 
configure:3525: checking whether we are cross compiling
configure:3533: gcc -o conftest    conftest.c  >&5
configure:3537: $? = 0
configure:3544: ./conftest
configure:3548: $? = 0
configure:3563: result: no
configure:3568: checking for suffix of object files
configure:3590: gcc -c   conftest.c >&5
configure:3594: $? = 0
configure:3615: result: o
configure:3619: checking whether we are using the GNU C compiler
configure:3638: gcc -c   conftest.c >&5
configure:3638: $? = 0
configure:3647: result: yes
configure:3656: checking whether gcc accepts -g
configure:3676: gcc -c -g  conftest.c >&5
configure:3676: $? = 0
configure:3717: result: yes
configure:3734: checking for gcc option to accept ISO C89
configure:3798: gcc  -c -g -O2  conftest.c >&5
configure:3798: $? = 0
configure:3811: result: none needed
configure:3842: checking for style of include used by make
configure:3870: result: GNU
configure:3898: checking dependency style of gcc
configure:3983: result: gcc3
configure:4076: checking build system type
configure:4090: result: i686-pc-linux-gnu
configure:4110: checking host system type
configure:4123: result: i686-pc-linux-gnu
configure:4143: checking for a sed that does not truncate output
configure:4197: result: /bin/sed
configure:4200: checking for grep that handles long lines and -e
configure:4258: result: /bin/grep
configure:4263: checking for egrep
configure:4325: result: /bin/grep -E
configure:4341: checking for ld used by gcc
configure:4408: result: /usr/bin/ld
configure:4415: checking if the linker (/usr/bin/ld) is GNU ld
configure:4430: result: yes
configure:4435: checking for /usr/bin/ld option to reload object files
configure:4442: result: -r
configure:4451: checking for BSD-compatible nm
configure:4493: result: /usr/bin/nm -B
configure:4497: checking whether ln -s works
configure:4501: result: yes
configure:4508: checking how to recognise dependent libraries
configure:4691: result: pass_all
configure:4877: checking how to run the C preprocessor
configure:4908: gcc -E  conftest.c
configure:4908: $? = 0
configure:4922: gcc -E  conftest.c
conftest.c:11:28: fatal error: ac_nonexistent.h: No such file or directory
compilation terminated.
configure:4922: $? = 1
configure: failed program was:
| /* confdefs.h */
| #define PACKAGE_NAME "desrim.h"
| #define PACKAGE_TARNAME "desrim-h"
| #define PACKAGE_VERSION "1.0"
| #define PACKAGE_STRING "desrim.h 1.0"
| #define PACKAGE_BUGREPORT ""
| #define PACKAGE_URL ""
| #define PACKAGE "desrim"
| #define VERSION "1.0"
| /* end confdefs.h.  */
| #include <ac_nonexistent.h>
configure:4947: result: gcc -E
configure:4967: gcc -E  conftest.c
configure:4967: $? = 0
configure:4981: gcc -E  conftest.c
conftest.c:11:28: fatal error: ac_nonexistent.h: No such file or directory
compilation terminated.
configure:4981: $? = 1
configure: failed program was:
| /* confdefs.h */
| #define PACKAGE_NAME "desrim.h"
| #define PACKAGE_TARNAME "desrim-h"
| #define PACKAGE_VERSION "1.0"
| #define PACKAGE_STRING "desrim.h 1.0"
| #define PACKAGE_BUGREPORT ""
| #define PACKAGE_URL ""
| #define PACKAGE "desrim"
| #define VERSION "1.0"
| /* end confdefs.h.  */
| #include <ac_nonexistent.h>
configure:5010: checking for ANSI C header files
configure:5030: gcc -c -g -O2  conftest.c >&5
configure:5030: $? = 0
configure:5103: gcc -o conftest -g -O2   conftest.c  >&5
configure:5103: $? = 0
configure:5103: ./conftest
configure:5103: $? = 0
configure:5114: result: yes
configure:5127: checking for sys/types.h
configure:5127: gcc -c -g -O2  conftest.c >&5
configure:5127: $? = 0
configure:5127: result: yes
configure:5127: checking for sys/stat.h
configure:5127: gcc -c -g -O2  conftest.c >&5
configure:5127: $? = 0
configure:5127: result: yes
configure:5127: checking for stdlib.h
configure:5127: gcc -c -g -O2  conftest.c >&5
configure:5127: $? = 0
configure:5127: result: yes
configure:5127: checking for string.h
configure:5127: gcc -c -g -O2  conftest.c >&5
configure:5127: $? = 0
configure:5127: result: yes
configure:5127: checking for memory.h
configure:5127: gcc -c -g -O2  conftest.c >&5
configure:5127: $? = 0
configure:5127: result: yes
configure:5127: checking for strings.h
configure:5127: gcc -c -g -O2  conftest.c >&5
configure:5127: $? = 0
configure:5127: result: yes
configure:5127: checking for inttypes.h
configure:5127: gcc -c -g -O2  conftest.c >&5
configure:5127: $? = 0
configure:5127: result: yes
configure:5127: checking for stdint.h
configure:5127: gcc -c -g -O2  conftest.c >&5
configure:5127: $? = 0
configure:5127: result: yes
configure:5127: checking for unistd.h
configure:5127: gcc -c -g -O2  conftest.c >&5
configure:5127: $? = 0
configure:5127: result: yes
configure:5141: checking dlfcn.h usability
configure:5141: gcc -c -g -O2  conftest.c >&5
configure:5141: $? = 0
configure:5141: result: yes
configure:5141: checking dlfcn.h presence
configure:5141: gcc -E  conftest.c
configure:5141: $? = 0
configure:5141: result: yes
configure:5141: checking for dlfcn.h
configure:5141: result: yes
configure:5209: checking for g++
configure:5225: found /usr/bin/g++
configure:5236: result: g++
configure:5263: checking for C++ compiler version
configure:5272: g++ --version >&5
g++ (Ubuntu/Linaro 4.5.2-8ubuntu4) 4.5.2
Copyright (C) 2010 Free Software Foundation, Inc.
This is free software; see the source for copying conditions.  There is NO
warranty; not even for MERCHANTABILITY or FITNESS FOR A PARTICULAR PURPOSE.

configure:5283: $? = 0
configure:5272: g++ -v >&5
Using built-in specs.
COLLECT_GCC=g++
COLLECT_LTO_WRAPPER=/usr/lib/i386-linux-gnu/gcc/i686-linux-gnu/4.5.2/lto-wrapper
Target: i686-linux-gnu
Configured with: ../src/configure -v --with-pkgversion='Ubuntu/Linaro 4.5.2-8ubuntu4' --with-bugurl=file:///usr/share/doc/gcc-4.5/README.Bugs --enable-languages=c,c++,fortran,objc,obj-c++ --prefix=/usr --program-suffix=-4.5 --enable-shared --enable-multiarch --with-multiarch-defaults=i386-linux-gnu --enable-linker-build-id --with-system-zlib --libexecdir=/usr/lib/i386-linux-gnu --without-included-gettext --enable-threads=posix --with-gxx-include-dir=/usr/include/c++/4.5 --libdir=/usr/lib/i386-linux-gnu --enable-nls --with-sysroot=/ --enable-clocale=gnu --enable-libstdcxx-debug --enable-libstdcxx-time=yes --enable-plugin --enable-gold --enable-ld=default --with-plugin-ld=ld.gold --enable-objc-gc --enable-targets=all --disable-werror --with-arch-32=i686 --with-tune=generic --enable-checking=release --build=i686-linux-gnu --host=i686-linux-gnu --target=i686-linux-gnu
Thread model: posix
gcc version 4.5.2 (Ubuntu/Linaro 4.5.2-8ubuntu4) 
configure:5283: $? = 0
configure:5272: g++ -V >&5
g++: '-V' option must have argument
configure:5283: $? = 1
configure:5272: g++ -qversion >&5
g++: unrecognized option '-qversion'
g++: no input files
configure:5283: $? = 1
configure:5287: checking whether we are using the GNU C++ compiler
configure:5306: g++ -c   conftest.cpp >&5
configure:5306: $? = 0
configure:5315: result: yes
configure:5324: checking whether g++ accepts -g
configure:5344: g++ -c -g  conftest.cpp >&5
configure:5344: $? = 0
configure:5385: result: yes
configure:5410: checking dependency style of g++
configure:5495: result: gcc3
configure:5517: checking how to run the C++ preprocessor
configure:5544: g++ -E  conftest.cpp
configure:5544: $? = 0
configure:5558: g++ -E  conftest.cpp
conftest.cpp:22:28: fatal error: ac_nonexistent.h: No such file or directory
compilation terminated.
configure:5558: $? = 1
configure: failed program was:
| /* confdefs.h */
| #define PACKAGE_NAME "desrim.h"
| #define PACKAGE_TARNAME "desrim-h"
| #define PACKAGE_VERSION "1.0"
| #define PACKAGE_STRING "desrim.h 1.0"
| #define PACKAGE_BUGREPORT ""
| #define PACKAGE_URL ""
| #define PACKAGE "desrim"
| #define VERSION "1.0"
| #define STDC_HEADERS 1
| #define HAVE_SYS_TYPES_H 1
| #define HAVE_SYS_STAT_H 1
| #define HAVE_STDLIB_H 1
| #define HAVE_STRING_H 1
| #define HAVE_MEMORY_H 1
| #define HAVE_STRINGS_H 1
| #define HAVE_INTTYPES_H 1
| #define HAVE_STDINT_H 1
| #define HAVE_UNISTD_H 1
| #define HAVE_DLFCN_H 1
| /* end confdefs.h.  */
| #include <ac_nonexistent.h>
configure:5583: result: g++ -E
configure:5603: g++ -E  conftest.cpp
configure:5603: $? = 0
configure:5617: g++ -E  conftest.cpp
conftest.cpp:22:28: fatal error: ac_nonexistent.h: No such file or directory
compilation terminated.
configure:5617: $? = 1
configure: failed program was:
| /* confdefs.h */
| #define PACKAGE_NAME "desrim.h"
| #define PACKAGE_TARNAME "desrim-h"
| #define PACKAGE_VERSION "1.0"
| #define PACKAGE_STRING "desrim.h 1.0"
| #define PACKAGE_BUGREPORT ""
| #define PACKAGE_URL ""
| #define PACKAGE "desrim"
| #define VERSION "1.0"
| #define STDC_HEADERS 1
| #define HAVE_SYS_TYPES_H 1
| #define HAVE_SYS_STAT_H 1
| #define HAVE_STDLIB_H 1
| #define HAVE_STRING_H 1
| #define HAVE_MEMORY_H 1
| #define HAVE_STRINGS_H 1
| #define HAVE_INTTYPES_H 1
| #define HAVE_STDINT_H 1
| #define HAVE_UNISTD_H 1
| #define HAVE_DLFCN_H 1
| /* end confdefs.h.  */
| #include <ac_nonexistent.h>
configure:5699: checking for g77
configure:5729: result: no
configure:5699: checking for xlf
configure:5729: result: no
configure:5699: checking for f77
configure:5729: result: no
configure:5699: checking for frt
configure:5729: result: no
configure:5699: checking for pgf77
configure:5729: result: no
configure:5699: checking for cf77
configure:5729: result: no
configure:5699: checking for fort77
configure:5729: result: no
configure:5699: checking for fl32
configure:5729: result: no
configure:5699: checking for af77
configure:5729: result: no
configure:5699: checking for xlf90
configure:5729: result: no
configure:5699: checking for f90
configure:5729: result: no
configure:5699: checking for pgf90
configure:5729: result: no
configure:5699: checking for pghpf
configure:5729: result: no
configure:5699: checking for epcf90
configure:5729: result: no
configure:5699: checking for gfortran
configure:5729: result: no
configure:5699: checking for g95
configure:5729: result: no
configure:5699: checking for xlf95
configure:5729: result: no
configure:5699: checking for f95
configure:5729: result: no
configure:5699: checking for fort
configure:5729: result: no
configure:5699: checking for ifort
configure:5729: result: no
configure:5699: checking for ifc
configure:5729: result: no
configure:5699: checking for efc
configure:5729: result: no
configure:5699: checking for pgfortran
configure:5729: result: no
configure:5699: checking for pgf95
configure:5729: result: no
configure:5699: checking for lf95
configure:5729: result: no
configure:5699: checking for ftn
configure:5729: result: no
configure:5752: checking for Fortran 77 compiler version
configure:5761:  --version >&5
./configure: line 5763: --version: command not found
configure:5772: $? = 127
configure:5761:  -v >&5
./configure: line 5763: -v: command not found
configure:5772: $? = 127
configure:5761:  -V >&5
./configure: line 5763: -V: command not found
configure:5772: $? = 127
configure:5761:  -qversion >&5
./configure: line 5763: -qversion: command not found
configure:5772: $? = 127
configure:5781: checking whether we are using the GNU Fortran 77 compiler
configure:5794:  -c  conftest.F >&5
./configure: line 2158: -c: command not found
configure:5794: $? = 127
configure: failed program was:
|       program main
| #ifndef __GNUC__
|        choke me
| #endif
| 
|       end
configure:5803: result: no
configure:5809: checking whether  accepts -g
configure:5820:  -c -g conftest.f >&5
./configure: line 2158: -c: command not found
configure:5820: $? = 127
configure: failed program was:
|       program main
| 
|       end
configure:5828: result: no
configure:5862: checking the maximum length of command line arguments
configure:5927: result: 32768
configure:5938: checking command to parse /usr/bin/nm -B output from gcc object
configure:6027: gcc -c -g -O2  conftest.c >&5
configure:6030: $? = 0
configure:6034: /usr/bin/nm -B conftest.o \| sed -n -e 's/^.*[ 	]\([ABCDGIRSTW][ABCDGIRSTW]*\)[ 	][ 	]*\(\)\([_A-Za-z][_A-Za-z0-9]*\)$/\1 \2\3 \3/p' \> conftest.nm
configure:6037: $? = 0
configure:6089: gcc -o conftest -g -O2   conftest.c conftstm.o >&5
configure:6092: $? = 0
configure:6130: result: ok
configure:6134: checking for objdir
configure:6149: result: .libs
configure:6241: checking for ar
configure:6257: found /usr/bin/ar
configure:6268: result: ar
configure:6333: checking for ranlib
configure:6349: found /usr/bin/ranlib
configure:6360: result: ranlib
configure:6425: checking for strip
configure:6441: found /usr/bin/strip
configure:6452: result: strip
configure:6724: checking if gcc static flag  works
configure:6747: result: yes
configure:6765: checking if gcc supports -fno-rtti -fno-exceptions
configure:6783: gcc -c -g -O2  -fno-rtti -fno-exceptions conftest.c >&5
cc1: warning: command line option "-fno-rtti" is valid for C++/ObjC++ but not for C
configure:6787: $? = 0
configure:6798: result: no
configure:6813: checking for gcc option to produce PIC
configure:6990: result: -fPIC
configure:6998: checking if gcc PIC flag -fPIC works
configure:7016: gcc -c -g -O2  -fPIC -DPIC conftest.c >&5
configure:7020: $? = 0
configure:7031: result: yes
configure:7055: checking if gcc supports -c -o file.o
configure:7076: gcc -c -g -O2  -o out/conftest2.o conftest.c >&5
configure:7080: $? = 0
configure:7100: result: yes
configure:7126: checking whether the gcc linker (/usr/bin/ld) supports shared libraries
configure:7916: result: yes
configure:7942: checking whether -lc should be explicitly linked in
configure:7947: gcc -c -g -O2  conftest.c >&5
configure:7950: $? = 0
configure:7964: gcc -shared conftest.o  -v -Wl,-soname -Wl,conftest -o conftest 2\>\&1 \| grep  -lc  \>/dev/null 2\>\&1
configure:7967: $? = 0
configure:7979: result: no
configure:7987: checking dynamic linker characteristics
configure:8527: result: GNU/Linux ld.so
configure:8531: checking how to hardcode library paths into programs
configure:8556: result: immediate
configure:8570: checking whether stripping libraries is possible
configure:8575: result: yes
configure:9087: checking if libtool supports shared libraries
configure:9089: result: yes
configure:9092: checking whether to build shared libraries
configure:9150: result: yes
configure:9153: checking whether to build static libraries
configure:9157: result: yes
configure:18432: checking for gcc
configure:18459: result: gcc
configure:18688: checking for C compiler version
configure:18697: gcc --version >&5
gcc (Ubuntu/Linaro 4.5.2-8ubuntu4) 4.5.2
Copyright (C) 2010 Free Software Foundation, Inc.
This is free software; see the source for copying conditions.  There is NO
warranty; not even for MERCHANTABILITY or FITNESS FOR A PARTICULAR PURPOSE.

configure:18708: $? = 0
configure:18697: gcc -v >&5
Using built-in specs.
COLLECT_GCC=gcc
COLLECT_LTO_WRAPPER=/usr/lib/i386-linux-gnu/gcc/i686-linux-gnu/4.5.2/lto-wrapper
Target: i686-linux-gnu
Configured with: ../src/configure -v --with-pkgversion='Ubuntu/Linaro 4.5.2-8ubuntu4' --with-bugurl=file:///usr/share/doc/gcc-4.5/README.Bugs --enable-languages=c,c++,fortran,objc,obj-c++ --prefix=/usr --program-suffix=-4.5 --enable-shared --enable-multiarch --with-multiarch-defaults=i386-linux-gnu --enable-linker-build-id --with-system-zlib --libexecdir=/usr/lib/i386-linux-gnu --without-included-gettext --enable-threads=posix --with-gxx-include-dir=/usr/include/c++/4.5 --libdir=/usr/lib/i386-linux-gnu --enable-nls --with-sysroot=/ --enable-clocale=gnu --enable-libstdcxx-debug --enable-libstdcxx-time=yes --enable-plugin --enable-gold --enable-ld=default --with-plugin-ld=ld.gold --enable-objc-gc --enable-targets=all --disable-werror --with-arch-32=i686 --with-tune=generic --enable-checking=release --build=i686-linux-gnu --host=i686-linux-gnu --target=i686-linux-gnu
Thread model: posix
gcc version 4.5.2 (Ubuntu/Linaro 4.5.2-8ubuntu4) 
configure:18708: $? = 0
configure:18697: gcc -V >&5
gcc: '-V' option must have argument
configure:18708: $? = 1
configure:18697: gcc -qversion >&5
gcc: unrecognized option '-qversion'
gcc: no input files
configure:18708: $? = 1
configure:18712: checking whether we are using the GNU C compiler
configure:18740: result: yes
configure:18749: checking whether gcc accepts -g
configure:18810: result: yes
configure:18827: checking for gcc option to accept ISO C89
configure:18904: result: none needed
configure:18926: checking dependency style of gcc
configure:19011: result: gcc3
configure:19039: checking malloc.h usability
configure:19039: gcc -c -g -O2  conftest.c >&5
configure:19039: $? = 0
configure:19039: result: yes
configure:19039: checking malloc.h presence
configure:19039: gcc -E  conftest.c
configure:19039: $? = 0
configure:19039: result: yes
configure:19039: checking for malloc.h
configure:19039: result: yes
configure:19053: checking for malloc_size
configure:19053: gcc -o conftest -g -O2   conftest.c  >&5
/tmp/ccuJItZO.o: In function `main':
/home/chainloader/Desktop/desrim-1.0/conftest.c:59: undefined reference to `malloc_size'
collect2: ld returned 1 exit status
configure:19053: $? = 1
configure: failed program was:
| /* confdefs.h */
| #define PACKAGE_NAME "desrim.h"
| #define PACKAGE_TARNAME "desrim-h"
| #define PACKAGE_VERSION "1.0"
| #define PACKAGE_STRING "desrim.h 1.0"
| #define PACKAGE_BUGREPORT ""
| #define PACKAGE_URL ""
| #define PACKAGE "desrim"
| #define VERSION "1.0"
| #define STDC_HEADERS 1
| #define HAVE_SYS_TYPES_H 1
| #define HAVE_SYS_STAT_H 1
| #define HAVE_STDLIB_H 1
| #define HAVE_STRING_H 1
| #define HAVE_MEMORY_H 1
| #define HAVE_STRINGS_H 1
| #define HAVE_INTTYPES_H 1
| #define HAVE_STDINT_H 1
| #define HAVE_UNISTD_H 1
| #define HAVE_DLFCN_H 1
| #define _POSIX_PTHREAD_SEMANTICS 1
| #define _REENTRANT 1
| #define HAVE_MALLOC_H 1
| /* end confdefs.h.  */
| /* Define malloc_size to an innocuous variant, in case <limits.h> declares malloc_size.
|    For example, HP-UX 11i <limits.h> declares gettimeofday.  */
| #define malloc_size innocuous_malloc_size
| 
| /* System header to define __stub macros and hopefully few prototypes,
|     which can conflict with char malloc_size (); below.
|     Prefer <limits.h> to <assert.h> if __STDC__ is defined, since
|     <limits.h> exists even on freestanding compilers.  */
| 
| #ifdef __STDC__
| # include <limits.h>
| #else
| # include <assert.h>
| #endif
| 
| #undef malloc_size
| 
| /* Override any GCC internal prototype to avoid an error.
|    Use char because int might match the return type of a GCC
|    builtin and then its argument prototype would still apply.  */
| #ifdef __cplusplus
| extern "C"
| #endif
| char malloc_size ();
| /* The GNU C library defines this for functions which it implements
|     to always fail with ENOSYS.  Some functions are actually named
|     something starting with __ and the normal name is an alias.  */
| #if defined __stub_malloc_size || defined __stub___malloc_size
| choke me
| #endif
| 
| int
| main ()
| {
| return malloc_size ();
|   ;
|   return 0;
| }
configure:19053: result: no
configure:19053: checking for malloc_good_size
configure:19053: gcc -o conftest -g -O2   conftest.c  >&5
/tmp/ccQLoqc0.o: In function `main':
/home/chainloader/Desktop/desrim-1.0/conftest.c:59: undefined reference to `malloc_good_size'
collect2: ld returned 1 exit status
configure:19053: $? = 1
configure: failed program was:
| /* confdefs.h */
| #define PACKAGE_NAME "desrim.h"
| #define PACKAGE_TARNAME "desrim-h"
| #define PACKAGE_VERSION "1.0"
| #define PACKAGE_STRING "desrim.h 1.0"
| #define PACKAGE_BUGREPORT ""
| #define PACKAGE_URL ""
| #define PACKAGE "desrim"
| #define VERSION "1.0"
| #define STDC_HEADERS 1
| #define HAVE_SYS_TYPES_H 1
| #define HAVE_SYS_STAT_H 1
| #define HAVE_STDLIB_H 1
| #define HAVE_STRING_H 1
| #define HAVE_MEMORY_H 1
| #define HAVE_STRINGS_H 1
| #define HAVE_INTTYPES_H 1
| #define HAVE_STDINT_H 1
| #define HAVE_UNISTD_H 1
| #define HAVE_DLFCN_H 1
| #define _POSIX_PTHREAD_SEMANTICS 1
| #define _REENTRANT 1
| #define HAVE_MALLOC_H 1
| /* end confdefs.h.  */
| /* Define malloc_good_size to an innocuous variant, in case <limits.h> declares malloc_good_size.
|    For example, HP-UX 11i <limits.h> declares gettimeofday.  */
| #define malloc_good_size innocuous_malloc_good_size
| 
| /* System header to define __stub macros and hopefully few prototypes,
|     which can conflict with char malloc_good_size (); below.
|     Prefer <limits.h> to <assert.h> if __STDC__ is defined, since
|     <limits.h> exists even on freestanding compilers.  */
| 
| #ifdef __STDC__
| # include <limits.h>
| #else
| # include <assert.h>
| #endif
| 
| #undef malloc_good_size
| 
| /* Override any GCC internal prototype to avoid an error.
|    Use char because int might match the return type of a GCC
|    builtin and then its argument prototype would still apply.  */
| #ifdef __cplusplus
| extern "C"
| #endif
| char malloc_good_size ();
| /* The GNU C library defines this for functions which it implements
|     to always fail with ENOSYS.  Some functions are actually named
|     something starting with __ and the normal name is an alias.  */
| #if defined __stub_malloc_good_size || defined __stub___malloc_good_size
| choke me
| #endif
| 
| int
| main ()
| {
| return malloc_good_size ();
|   ;
|   return 0;
| }
configure:19053: result: no
configure:19053: checking for memalign
configure:19053: gcc -o conftest -g -O2   conftest.c  >&5
configure:19053: $? = 0
configure:19053: result: yes
configure:19053: checking for posix_memalign
configure:19053: gcc -o conftest -g -O2   conftest.c  >&5
configure:19053: $? = 0
configure:19053: result: yes
configure:19053: checking for reallocf
configure:19053: gcc -o conftest -g -O2   conftest.c  >&5
/tmp/cczGtGEy.o: In function `main':
/home/chainloader/Desktop/desrim-1.0/conftest.c:61: undefined reference to `reallocf'
collect2: ld returned 1 exit status
configure:19053: $? = 1
configure: failed program was:
| /* confdefs.h */
| #define PACKAGE_NAME "desrim.h"
| #define PACKAGE_TARNAME "desrim-h"
| #define PACKAGE_VERSION "1.0"
| #define PACKAGE_STRING "desrim.h 1.0"
| #define PACKAGE_BUGREPORT ""
| #define PACKAGE_URL ""
| #define PACKAGE "desrim"
| #define VERSION "1.0"
| #define STDC_HEADERS 1
| #define HAVE_SYS_TYPES_H 1
| #define HAVE_SYS_STAT_H 1
| #define HAVE_STDLIB_H 1
| #define HAVE_STRING_H 1
| #define HAVE_MEMORY_H 1
| #define HAVE_STRINGS_H 1
| #define HAVE_INTTYPES_H 1
| #define HAVE_STDINT_H 1
| #define HAVE_UNISTD_H 1
| #define HAVE_DLFCN_H 1
| #define _POSIX_PTHREAD_SEMANTICS 1
| #define _REENTRANT 1
| #define HAVE_MALLOC_H 1
| #define HAVE_MEMALIGN 1
| #define HAVE_POSIX_MEMALIGN 1
| /* end confdefs.h.  */
| /* Define reallocf to an innocuous variant, in case <limits.h> declares reallocf.
|    For example, HP-UX 11i <limits.h> declares gettimeofday.  */
| #define reallocf innocuous_reallocf
| 
| /* System header to define __stub macros and hopefully few prototypes,
|     which can conflict with char reallocf (); below.
|     Prefer <limits.h> to <assert.h> if __STDC__ is defined, since
|     <limits.h> exists even on freestanding compilers.  */
| 
| #ifdef __STDC__
| # include <limits.h>
| #else
| # include <assert.h>
| #endif
| 
| #undef reallocf
| 
| /* Override any GCC internal prototype to avoid an error.
|    Use char because int might match the return type of a GCC
|    builtin and then its argument prototype would still apply.  */
| #ifdef __cplusplus
| extern "C"
| #endif
| char reallocf ();
| /* The GNU C library defines this for functions which it implements
|     to always fail with ENOSYS.  Some functions are actually named
|     something starting with __ and the normal name is an alias.  */
| #if defined __stub_reallocf || defined __stub___reallocf
| choke me
| #endif
| 
| int
| main ()
| {
| return reallocf ();
|   ;
|   return 0;
| }
configure:19053: result: no
configure:19053: checking for valloc
configure:19053: gcc -o conftest -g -O2   conftest.c  >&5
configure:19053: $? = 0
configure:19053: result: yes
configure:19219: creating ./config.status

## ---------------- ##
## Cache variables. ##
## ---------------- ##

ac_cv_build=i686-pc-linux-gnu
ac_cv_c_compiler_gnu=yes
ac_cv_cxx_compiler_gnu=yes
ac_cv_env_CCC_set=
ac_cv_env_CCC_value=
ac_cv_env_CC_set=
ac_cv_env_CC_value=
ac_cv_env_CFLAGS_set=
ac_cv_env_CFLAGS_value=
ac_cv_env_CPPFLAGS_set=
ac_cv_env_CPPFLAGS_value=
ac_cv_env_CPP_set=
ac_cv_env_CPP_value=
ac_cv_env_CXXCPP_set=
ac_cv_env_CXXCPP_value=
ac_cv_env_CXXFLAGS_set=
ac_cv_env_CXXFLAGS_value=
ac_cv_env_CXX_set=
ac_cv_env_CXX_value=
ac_cv_env_F77_set=
ac_cv_env_F77_value=
ac_cv_env_FFLAGS_set=
ac_cv_env_FFLAGS_value=
ac_cv_env_LDFLAGS_set=
ac_cv_env_LDFLAGS_value=
ac_cv_env_LIBS_set=
ac_cv_env_LIBS_value=
ac_cv_env_build_alias_set=
ac_cv_env_build_alias_value=
ac_cv_env_host_alias_set=
ac_cv_env_host_alias_value=
ac_cv_env_target_alias_set=
ac_cv_env_target_alias_value=
ac_cv_f77_compiler_gnu=no
ac_cv_func_malloc_good_size=no
ac_cv_func_malloc_size=no
ac_cv_func_memalign=yes
ac_cv_func_posix_memalign=yes
ac_cv_func_reallocf=no
ac_cv_func_valloc=yes
ac_cv_header_dlfcn_h=yes
ac_cv_header_inttypes_h=yes
ac_cv_header_malloc_h=yes
ac_cv_header_memory_h=yes
ac_cv_header_stdc=yes
ac_cv_header_stdint_h=yes
ac_cv_header_stdlib_h=yes
ac_cv_header_string_h=yes
ac_cv_header_strings_h=yes
ac_cv_header_sys_stat_h=yes
ac_cv_header_sys_types_h=yes
ac_cv_header_unistd_h=yes
ac_cv_host=i686-pc-linux-gnu
ac_cv_objext=o
ac_cv_path_EGREP='/bin/grep -E'
ac_cv_path_GREP=/bin/grep
ac_cv_path_install='/usr/bin/install -c'
ac_cv_prog_AWK=mawk
ac_cv_prog_CPP='gcc -E'
ac_cv_prog_CXXCPP='g++ -E'
ac_cv_prog_ac_ct_AR=ar
ac_cv_prog_ac_ct_CC=gcc
ac_cv_prog_ac_ct_CXX=g++
ac_cv_prog_ac_ct_RANLIB=ranlib
ac_cv_prog_ac_ct_STRIP=strip
ac_cv_prog_cc_c89=
ac_cv_prog_cc_g=yes
ac_cv_prog_cxx_g=yes
ac_cv_prog_f77_g=no
ac_cv_prog_make_make_set=yes
am_cv_CC_dependencies_compiler_type=gcc3
am_cv_CXX_dependencies_compiler_type=gcc3
lt_cv_deplibs_check_method=pass_all
lt_cv_file_magic_cmd='$MAGIC_CMD'
lt_cv_file_magic_test_file='/lib/libc.so* /lib/libc-*.so'
lt_cv_ld_reload_flag=-r
lt_cv_objdir=.libs
lt_cv_path_LD=/usr/bin/ld
lt_cv_path_NM='/usr/bin/nm -B'
lt_cv_path_SED=/bin/sed
lt_cv_prog_compiler_c_o=yes
lt_cv_prog_compiler_rtti_exceptions=no
lt_cv_prog_gnu_ld=yes
lt_cv_sys_global_symbol_pipe='sed -n -e '\''s/^.*[ 	]\([ABCDGIRSTW][ABCDGIRSTW]*\)[ 	][ 	]*\(\)\([_A-Za-z][_A-Za-z0-9]*\)$/\1 \2\3 \3/p'\'''
lt_cv_sys_global_symbol_to_c_name_address='sed -n -e '\''s/^: \([^ ]*\) $/  {\"\1\", (lt_ptr) 0},/p'\'' -e '\''s/^[BCDEGRST] \([^ ]*\) \([^ ]*\)$/  {"\2", (lt_ptr) \&\2},/p'\'''
lt_cv_sys_global_symbol_to_cdecl='sed -n -e '\''s/^. .* \(.*\)$/extern int \1;/p'\'''
lt_cv_sys_max_cmd_len=32768

## ----------------- ##
## Output variables. ##
## ----------------- ##

ACLOCAL='${SHELL} /home/chainloader/Desktop/desrim-1.0/missing --run aclocal-1.8'
AMDEPBACKSLASH='\'
AMDEP_FALSE='#'
AMDEP_TRUE=''
AMTAR='${SHELL} /home/chainloader/Desktop/desrim-1.0/missing --run tar'
AR='ar'
AUTOCONF='${SHELL} /home/chainloader/Desktop/desrim-1.0/missing --run autoconf'
AUTOHEADER='${SHELL} /home/chainloader/Desktop/desrim-1.0/missing --run autoheader'
AUTOMAKE='${SHELL} /home/chainloader/Desktop/desrim-1.0/missing --run automake-1.8'
AWK='mawk'
CC='gcc'
CCDEPMODE='depmode=gcc3'
CFLAGS='-g -O2'
CPP='gcc -E'
CPPFLAGS=''
CXX='g++'
CXXCPP='g++ -E'
CXXDEPMODE='depmode=gcc3'
CXXFLAGS='-g -O2'
CYGPATH_W='echo'
DEFS='-DPACKAGE_NAME=\"desrim.h\" -DPACKAGE_TARNAME=\"desrim-h\" -DPACKAGE_VERSION=\"1.0\" -DPACKAGE_STRING=\"desrim.h\ 1.0\" -DPACKAGE_BUGREPORT=\"\" -DPACKAGE_URL=\"\" -DPACKAGE=\"desrim\" -DVERSION=\"1.0\" -DSTDC_HEADERS=1 -DHAVE_SYS_TYPES_H=1 -DHAVE_SYS_STAT_H=1 -DHAVE_STDLIB_H=1 -DHAVE_STRING_H=1 -DHAVE_MEMORY_H=1 -DHAVE_STRINGS_H=1 -DHAVE_INTTYPES_H=1 -DHAVE_STDINT_H=1 -DHAVE_UNISTD_H=1 -DHAVE_DLFCN_H=1 -D_POSIX_PTHREAD_SEMANTICS=1 -D_REENTRANT=1 -DHAVE_MALLOC_H=1 -DHAVE_MEMALIGN=1 -DHAVE_POSIX_MEMALIGN=1 -DHAVE_VALLOC=1'
DEPDIR='.deps'
ECHO='echo'
ECHO_C=''
ECHO_N='-n'
ECHO_T=''
EGREP='/bin/grep -E'
EXEEXT=''
F77=''
FFLAGS=''
GREP='/bin/grep'
INSTALL_DATA='${INSTALL} -m 644'
INSTALL_PROGRAM='${INSTALL}'
INSTALL_SCRIPT='${INSTALL}'
INSTALL_STRIP_PROGRAM='${SHELL} $(install_sh) -c -s'
LDFLAGS=''
LIBOBJS=''
LIBS=''
LIBTOOL='$(SHELL) $(top_builddir)/libtool'
LN_S='ln -s'
LTLIBOBJS=''
MAKEINFO='${SHELL} /home/chainloader/Desktop/desrim-1.0/missing --run makeinfo'
OBJEXT='o'
PACKAGE='desrim'
PACKAGE_BUGREPORT=''
PACKAGE_NAME='desrim.h'
PACKAGE_STRING='desrim.h 1.0'
PACKAGE_TARNAME='desrim-h'
PACKAGE_URL=''
PACKAGE_VERSION='1.0'
PATH_SEPARATOR=':'
RANLIB='ranlib'
SET_MAKE=''
SHELL='/bin/sh'
STRIP='strip'
VERSION='1.0'
ac_aux_dir='.'
ac_ct_CC='gcc'
ac_ct_CXX='g++'
ac_ct_F77=''
am__fastdepCC_FALSE='#'
am__fastdepCC_TRUE=''
am__fastdepCXX_FALSE='#'
am__fastdepCXX_TRUE=''
am__include='include'
am__leading_dot='.'
am__quote=''
bindir='${exec_prefix}/bin'
build='i686-pc-linux-gnu'
build_alias=''
build_cpu='i686'
build_os='linux-gnu'
build_vendor='pc'
datadir='${datarootdir}'
datarootdir='${prefix}/share'
docdir='${datarootdir}/doc/${PACKAGE_TARNAME}'
dvidir='${docdir}'
exec_prefix='${prefix}'
host='i686-pc-linux-gnu'
host_alias=''
host_cpu='i686'
host_os='linux-gnu'
host_vendor='pc'
htmldir='${docdir}'
includedir='${prefix}/include'
infodir='${datarootdir}/info'
install_sh='/home/chainloader/Desktop/desrim-1.0/install-sh'
libdir='${exec_prefix}/lib'
libexecdir='${exec_prefix}/libexec'
localedir='${datarootdir}/locale'
localstatedir='${prefix}/var'
mandir='${datarootdir}/man'
mkdir_p='mkdir -p -- .'
oldincludedir='/usr/include'
pdfdir='${docdir}'
prefix='/usr/local'
program_transform_name='s,x,x,'
psdir='${docdir}'
sbindir='${exec_prefix}/sbin'
sharedstatedir='${prefix}/com'
sysconfdir='${prefix}/etc'
target_alias=''

## ----------- ##
## confdefs.h. ##
## ----------- ##

/* confdefs.h */
#define PACKAGE_NAME "desrim.h"
#define PACKAGE_TARNAME "desrim-h"
#define PACKAGE_VERSION "1.0"
#define PACKAGE_STRING "desrim.h 1.0"
#define PACKAGE_BUGREPORT ""
#define PACKAGE_URL ""
#define PACKAGE "desrim"
#define VERSION "1.0"
#define STDC_HEADERS 1
#define HAVE_SYS_TYPES_H 1
#define HAVE_SYS_STAT_H 1
#define HAVE_STDLIB_H 1
#define HAVE_STRING_H 1
#define HAVE_MEMORY_H 1
#define HAVE_STRINGS_H 1
#define HAVE_INTTYPES_H 1
#define HAVE_STDINT_H 1
#define HAVE_UNISTD_H 1
#define HAVE_DLFCN_H 1
#define _POSIX_PTHREAD_SEMANTICS 1
#define _REENTRANT 1
#define HAVE_MALLOC_H 1
#define HAVE_MEMALIGN 1
#define HAVE_POSIX_MEMALIGN 1
#define HAVE_VALLOC 1

configure: exit 0

## ---------------------- ##
## Running config.status. ##
## ---------------------- ##

This file was extended by desrim.h config.status 1.0, which was
generated by GNU Autoconf 2.67.  Invocation command line was

  CONFIG_FILES    = 
  CONFIG_HEADERS  = 
  CONFIG_LINKS    = 
  CONFIG_COMMANDS = 
  $ ./config.status 

on monyet

config.status:798: creating Makefile
config.status:901: WARNING:  'Makefile.in' seems to ignore the --datarootdir setting
config.status:963: executing depfiles commands
